TN:
SF:src/app.controller.ts
FN:6,(anonymous_2)
FN:9,(anonymous_3)
FNF:2
FNH:2
FNDA:1,(anonymous_2)
FNDA:1,(anonymous_3)
DA:1,1
DA:2,1
DA:5,1
DA:6,1
DA:9,1
DA:10,1
LF:6
LH:6
BRF:0
BRH:0
end_of_record
TN:
SF:src/app.module.ts
FNF:0
FNH:0
DA:1,1
DA:2,1
DA:3,1
DA:4,1
DA:12,1
LF:5
LH:5
BRF:0
BRH:0
end_of_record
TN:
SF:src/app.service.ts
FN:5,(anonymous_1)
FNF:1
FNH:1
FNDA:1,(anonymous_1)
DA:1,1
DA:4,1
DA:6,1
LF:3
LH:3
BRF:0
BRH:0
end_of_record
TN:
SF:src/domains/example/example.controller.ts
FN:11,(anonymous_4)
FN:17,(anonymous_5)
FNF:2
FNH:2
FNDA:2,(anonymous_4)
FNDA:1,(anonymous_5)
DA:1,2
DA:2,2
DA:4,2
DA:5,2
DA:6,2
DA:10,2
DA:11,2
DA:17,2
DA:18,1
LF:9
LH:9
BRF:0
BRH:0
end_of_record
TN:
SF:src/domains/example/example.module.ts
FNF:0
FNH:0
DA:1,2
DA:9,2
LF:2
LH:2
BRF:0
BRH:0
end_of_record
TN:
SF:src/domains/example/example.service.ts
FN:7,(anonymous_2)
FN:8,(anonymous_3)
FNF:2
FNH:2
FNDA:2,(anonymous_2)
FNDA:1,(anonymous_3)
DA:1,2
DA:2,2
DA:3,2
DA:6,2
DA:9,1
DA:12,1
LF:6
LH:6
BRF:0
BRH:0
end_of_record
TN:
SF:src/domains/example/constants/example.constant.ts
FNF:0
FNH:0
DA:1,2
LF:1
LH:1
BRF:0
BRH:0
end_of_record
TN:
SF:src/domains/example/dtos/example-req.dto.ts
FNF:0
FNH:0
DA:1,2
DA:2,2
DA:4,2
DA:10,2
LF:4
LH:4
BRF:0
BRH:0
end_of_record
TN:
SF:src/domains/example/dtos/example-res.dto.ts
FNF:0
FNH:0
DA:1,2
DA:2,2
DA:4,2
DA:6,2
DA:8,2
DA:10,2
DA:12,2
LF:7
LH:7
BRF:0
BRH:0
end_of_record
TN:
SF:src/filters/exception.filter.ts
FN:12,(anonymous_1)
FN:23,(anonymous_2)
FN:28,(anonymous_3)
FNF:3
FNH:0
FNDA:0,(anonymous_1)
FNDA:0,(anonymous_2)
FNDA:0,(anonymous_3)
DA:1,1
DA:8,1
DA:11,1
DA:13,0
DA:14,0
DA:16,0
DA:20,0
DA:22,0
DA:23,0
DA:24,0
DA:28,0
DA:29,0
DA:30,0
DA:32,0
DA:36,0
DA:41,0
DA:44,0
LF:17
LH:3
BRDA:16,0,0,0
BRDA:16,0,1,0
BRDA:22,1,0,0
BRDA:22,2,0,0
BRDA:22,2,1,0
BRDA:22,3,0,0
BRDA:22,3,1,0
BRDA:22,4,0,0
BRDA:22,4,1,0
BRDA:29,5,0,0
BRDA:29,5,1,0
BRDA:47,6,0,0
BRDA:47,6,1,0
BRDA:47,7,0,0
BRDA:47,7,1,0
BRDA:47,8,0,0
BRDA:47,8,1,0
BRDA:48,9,0,0
BRDA:48,9,1,0
BRDA:48,10,0,0
BRDA:48,10,1,0
BRDA:48,11,0,0
BRDA:48,11,1,0
BRF:23
BRH:0
end_of_record
TN:
SF:src/filters/validation.constant.ts
FNF:0
FNH:0
DA:1,1
LF:1
LH:1
BRF:0
BRH:0
end_of_record
TN:
SF:src/models/response.models.ts
FN:10,(anonymous_0)
FNF:1
FNH:1
FNDA:1,(anonymous_0)
DA:1,2
DA:11,1
DA:12,1
DA:13,1
DA:14,1
LF:5
LH:5
BRF:0
BRH:0
end_of_record
